Increment Time CutbackLevel Converged IterationsNeeded
           1   2.0000000000000000                0 T           9
           2   4.0000000000000000                0 T           6
           3   6.0000000000000000                0 T           6
           4   8.0000000000000000                0 T           5
           5   10.000000000000000                0 T           8
           6   12.000000000000000                0 T          10
           7   14.000000000000000                0 T           9
           8   16.000000000000000                0 T           8
           9   18.000000000000000                0 T           8
          10   20.000000000000000                0 T           7
          11   22.000000000000000                0 T           7
          12   24.000000000000000                0 T           6
          13   26.000000000000000                0 T           6
          14   28.000000000000000                0 T           6
          15   30.000000000000000                0 T           5
          16   32.000000000000000                0 T           5
          17   34.000000000000000                0 T           5
          18   36.000000000000000                0 T           5
          19   38.000000000000000                0 T           5
          20   40.000000000000000                0 T           4
          21   46.500000000000000                0 T          10
          22   53.000000000000000                0 T           9
          23   59.500000000000000                0 T           9
          24   66.000000000000000                0 T           8
          25   72.500000000000000                0 T           8
          26   79.000000000000000                0 T           7
          27   85.500000000000000                0 T           7
          28   92.000000000000000                0 T           6
          29   98.500000000000000                0 T           6
          30   105.00000000000000                0 T           5
          31   111.50000000000000                0 T           5
          32   118.00000000000000                0 T           5
          33   124.50000000000000                0 T           5
          34   131.00000000000000                0 T           5
          35   137.50000000000000                0 T           4
          36   144.00000000000000                0 T           4
          37   150.50000000000000                0 T           4
          38   157.00000000000000                0 T           4
          39   163.50000000000000                0 T           4
          40   170.00000000000000                0 T           4
          41   189.37500000000000                0 T          11
          42   208.75000000000000                0 T          11
          43   228.12500000000000                0 T          11
          44   247.50000000000000                0 T          10
