Increment Time CutbackLevel Converged IterationsNeeded
           1   2.0000000000000000                0 T           9
           2   4.0000000000000000                0 T           5
           3   6.0000000000000000                0 T           4
           4   8.0000000000000000                0 T           3
           5   10.000000000000000                0 T           3
           6   12.000000000000000                0 T           3
           7   14.000000000000000                0 T           2
           8   16.000000000000000                0 T           2
           9   18.000000000000000                0 T           2
          10   20.000000000000000                0 T           3
          11   22.000000000000000                0 T           3
          12   24.000000000000000                0 T           4
          13   26.000000000000000                0 T           5
          14   28.000000000000000                0 T           5
          15   30.000000000000000                0 T           4
          16   32.000000000000000                0 T           4
          17   34.000000000000000                0 T           4
          18   36.000000000000000                0 T           4
          19   38.000000000000000                0 T           3
          20   40.000000000000000                0 T           3
          21   46.500000000000000                0 T           7
          22   53.000000000000000                0 T           6
          23   59.500000000000000                0 T           6
          24   66.000000000000000                0 T           5
          25   72.500000000000000                0 T           5
          26   79.000000000000000                0 T           5
          27   85.500000000000000                0 T           4
          28   92.000000000000000                0 T           4
          29   98.500000000000000                0 T           4
          30   105.00000000000000                0 T           4
          31   111.50000000000000                0 T           3
          32   118.00000000000000                0 T           3
          33   124.50000000000000                0 T           3
          34   131.00000000000000                0 T           3
          35   137.50000000000000                0 T           3
          36   144.00000000000000                0 T           3
          37   150.50000000000000                0 T           3
          38   157.00000000000000                0 T           2
          39   163.50000000000000                0 T           3
          40   170.00000000000000                0 T           2
          41   189.37500000000000                0 T           6
          42   208.75000000000000                0 T           6
          43   228.12500000000000                0 T           6
          44   247.50000000000000                0 T           5
          45   266.87500000000000                0 T           6
          46   286.25000000000000                0 T           5
          47   305.62500000000000                0 T           5
          48   325.00000000000000                0 T           5
          49   344.37500000000000                0 T           5
          50   363.75000000000000                0 T           5
          51   383.12500000000000                0 T           5
          52   402.50000000000000                0 T           5
          53   421.87500000000000                0 T           5
          54   441.25000000000000                0 T           5
          55   460.62500000000000                0 T           5
          56   480.00000000000000                0 T           5
          57   499.37500000000000                0 T           5
          58   518.75000000000000                0 T           5
          59   538.12500000000000                0 T           5
          60   557.50000000000000                0 T           5
          61   576.87500000000000                0 T           5
          62   596.25000000000000                0 T           5
          63   615.62500000000000                0 T           5
          64   635.00000000000000                0 T           5
          65   654.37500000000000                0 T           5
          66   673.75000000000000                0 T           5
          67   693.12500000000000                0 T           5
          68   712.50000000000000                0 T           5
          69   731.87500000000000                0 T           5
          70   751.25000000000000                0 T           5
          71   770.62500000000000                0 T           5
          72   790.00000000000000                0 T           5
          73   809.37500000000000                0 T           5
          74   828.75000000000000                0 T           5
          75   848.12500000000000                0 T           5
          76   867.50000000000000                0 T           5
          77   886.87500000000000                0 T           5
          78   906.25000000000000                0 T           5
          79   925.62500000000000                0 T           5
          80   945.00000000000000                0 T           5
          81   964.37500000000000                0 T           5
          82   983.75000000000000                0 T           5
          83   1003.1250000000000                0 T           5
          84   1022.5000000000000                0 T           5
          85   1041.8750000000000                0 T           5
          86   1061.2500000000000                0 T           5
          87   1080.6250000000000                0 T           5
          88   1100.0000000000000                0 T           5
          89   1119.3750000000000                0 T           5
          90   1138.7500000000000                0 T           5
          91   1158.1250000000000                0 T           5
          92   1177.5000000000000                0 T           5
          93   1196.8750000000000                0 T           5
          94   1216.2500000000000                0 T           5
          95   1235.6250000000000                0 T           5
          96   1255.0000000000000                0 T           5
          97   1274.3750000000000                0 T           5
          98   1293.7500000000000                0 T           5
          99   1313.1250000000000                0 T           5
         100   1332.5000000000000                0 T           5
         101   1351.8750000000000                0 T           5
         102   1371.2500000000000                0 T           5
         103   1390.6250000000000                0 T           5
         104   1410.0000000000000                0 T           5
         105   1429.3750000000000                0 T           5
         106   1448.7500000000000                0 T           5
         107   1468.1250000000000                0 T           5
         108   1487.5000000000000                0 T           5
         109   1506.8750000000000                0 T           5
         110   1526.2500000000000                0 T           5
         111   1545.6250000000000                0 T           5
         112   1565.0000000000000                0 T           5
         113   1584.3750000000000                0 T           5
         114   1603.7500000000000                0 T           5
         115   1623.1250000000000                0 T           5
         116   1642.5000000000000                0 T           5
         117   1661.8750000000000                0 T           5
         118   1681.2500000000000                0 T           5
         119   1700.6250000000000                0 T           5
         120   1720.0000000000000                0 T           5
         121   1735.0000000000000                0 T           4
         122   1750.0000000000000                0 T           4
         123   1765.0000000000000                0 T           4
         124   1780.0000000000000                0 T           4
         125   1795.0000000000000                0 T           4
         126   1810.0000000000000                0 T           4
         127   1825.0000000000000                0 T           4
         128   1840.0000000000000                0 T           4
         129   1855.0000000000000                0 T           4
         130   1870.0000000000000                0 T           4
         131   1885.0000000000000                0 T           4
         132   1900.0000000000000                0 T           4
         133   1915.0000000000000                0 T           4
         134   1930.0000000000000                0 T           4
         135   1945.0000000000000                0 T           4
         136   1960.0000000000000                0 T           4
         137   1975.0000000000000                0 T           4
         138   1990.0000000000000                0 T           4
         139   2005.0000000000000                0 T           4
         140   2020.0000000000000                0 T           4
